# JRE version: Java(TM) SE Runtime Environment (8.0_221-b11) (build 1.8.0_221-b11)
# Java VM: Java HotSpot(TM) 64-Bit Server VM (25.221-b11 mixed mode windows-amd64 compressed oops)
Heap:
 PSYoungGen      total 200704K, used 119564K [0x000000076b580000, 0x0000000779280000, 0x00000007c0000000)
  eden space 189952K, 62% used [0x000000076b580000,0x0000000772a433a8,0x0000000776f00000)
  from space 10752K, 0% used [0x0000000777900000,0x0000000777900000,0x0000000778380000)
  to   space 10240K, 0% used [0x0000000776f00000,0x0000000776f00000,0x0000000777900000)
 ParOldGen       total 131072K, used 12587K [0x00000006c2000000, 0x00000006ca000000, 0x000000076b580000)
  object space 131072K, 9% used [0x00000006c2000000,0x00000006c2c4af28,0x00000006ca000000)
 Metaspace       used 37223K, capacity 39644K, committed 39808K, reserved 1083392K
  class space    used 4944K, capacity 5386K, committed 5504K, reserved 1048576K
GC Heap History (10 events):
Event: 3.146 GC heap before
{Heap before GC invocations=4 (full 1):
 PSYoungGen      total 75776K, used 6050K [0x000000076b580000, 0x0000000774980000, 0x00000007c0000000)
  eden space 65024K, 0% used [0x000000076b580000,0x000000076b580000,0x000000076f500000)
  from space 10752K, 56% used [0x000000076f500000,0x000000076fae8b30,0x000000076ff80000)
  to   space 10752K, 0% used [0x0000000773f00000,0x0000000773f00000,0x0000000774980000)
 ParOldGen       total 173568K, used 96K [0x00000006c2000000, 0x00000006cc980000, 0x000000076b580000)
  object space 173568K, 0% used [0x00000006c2000000,0x00000006c2018010,0x00000006cc980000)
 Metaspace       used 19693K, capacity 21170K, committed 21296K, reserved 1067008K
  class space    used 2597K, capacity 2885K, committed 2944K, reserved 1048576K
Event: 3.181 GC heap after
Heap after GC invocations=4 (full 1):
 PSYoungGen      total 75776K, used 0K [0x000000076b580000, 0x0000000774980000, 0x00000007c0000000)
  eden space 65024K, 0% used [0x000000076b580000,0x000000076b580000,0x000000076f500000)
  from space 10752K, 0% used [0x000000076f500000,0x000000076f500000,0x000000076ff80000)
  to   space 10752K, 0% used [0x0000000773f00000,0x0000000773f00000,0x0000000774980000)
 ParOldGen       total 89088K, used 5968K [0x00000006c2000000, 0x00000006c7700000, 0x000000076b580000)
  object space 89088K, 6% used [0x00000006c2000000,0x00000006c25d40c0,0x00000006c7700000)
 Metaspace       used 19693K, capacity 21170K, committed 21296K, reserved 1067008K
  class space    used 2597K, capacity 2885K, committed 2944K, reserved 1048576K
}
Event: 3.903 GC heap before
{Heap before GC invocations=5 (full 1):
 PSYoungGen      total 75776K, used 65024K [0x000000076b580000, 0x0000000774980000, 0x00000007c0000000)
  eden space 65024K, 100% used [0x000000076b580000,0x000000076f500000,0x000000076f500000)
  from space 10752K, 0% used [0x000000076f500000,0x000000076f500000,0x000000076ff80000)
  to   space 10752K, 0% used [0x0000000773f00000,0x0000000773f00000,0x0000000774980000)
 ParOldGen       total 89088K, used 5968K [0x00000006c2000000, 0x00000006c7700000, 0x000000076b580000)
  object space 89088K, 6% used [0x00000006c2000000,0x00000006c25d40c0,0x00000006c7700000)
 Metaspace       used 25227K, capacity 26914K, committed 27264K, reserved 1073152K
  class space    used 3303K, capacity 3623K, committed 3712K, reserved 1048576K
Event: 3.925 GC heap after
Heap after GC invocations=5 (full 1):
 PSYoungGen      total 119296K, used 6207K [0x000000076b580000, 0x0000000774580000, 0x00000007c0000000)
  eden space 112640K, 0% used [0x000000076b580000,0x000000076b580000,0x0000000772380000)
  from space 6656K, 93% used [0x0000000773f00000,0x000000077450fea0,0x0000000774580000)
  to   space 10752K, 0% used [0x0000000773080000,0x0000000773080000,0x0000000773b00000)
 ParOldGen       total 89088K, used 5976K [0x00000006c2000000, 0x00000006c7700000, 0x000000076b580000)
  object space 89088K, 6% used [0x00000006c2000000,0x00000006c25d60c0,0x00000006c7700000)
 Metaspace       used 25227K, capacity 26914K, committed 27264K, reserved 1073152K
  class space    used 3303K, capacity 3623K, committed 3712K, reserved 1048576K
}
Event: 5.553 GC heap before
{Heap before GC invocations=6 (full 1):
 PSYoungGen      total 119296K, used 118847K [0x000000076b580000, 0x0000000774580000, 0x00000007c0000000)
  eden space 112640K, 100% used [0x000000076b580000,0x0000000772380000,0x0000000772380000)
  from space 6656K, 93% used [0x0000000773f00000,0x000000077450fea0,0x0000000774580000)
  to   space 10752K, 0% used [0x0000000773080000,0x0000000773080000,0x0000000773b00000)
 ParOldGen       total 89088K, used 5976K [0x00000006c2000000, 0x00000006c7700000, 0x000000076b580000)
  object space 89088K, 6% used [0x00000006c2000000,0x00000006c25d60c0,0x00000006c7700000)
 Metaspace       used 30598K, capacity 32644K, committed 32768K, reserved 1077248K
  class space    used 3972K, capacity 4336K, committed 4352K, reserved 1048576K
Event: 5.560 GC heap after
Heap after GC invocations=6 (full 1):
 PSYoungGen      total 136704K, used 9443K [0x000000076b580000, 0x0000000778380000, 0x00000007c0000000)
  eden space 125952K, 0% used [0x000000076b580000,0x000000076b580000,0x0000000773080000)
  from space 10752K, 87% used [0x0000000773080000,0x00000007739b8e10,0x0000000773b00000)
  to   space 10752K, 0% used [0x0000000777900000,0x0000000777900000,0x0000000778380000)
 ParOldGen       total 89088K, used 5984K [0x00000006c2000000, 0x00000006c7700000, 0x000000076b580000)
  object space 89088K, 6% used [0x00000006c2000000,0x00000006c25d80c0,0x00000006c7700000)
 Metaspace       used 30598K, capacity 32644K, committed 32768K, reserved 1077248K
  class space    used 3972K, capacity 4336K, committed 4352K, reserved 1048576K
}
Event: 6.396 GC heap before
{Heap before GC invocations=7 (full 1):
 PSYoungGen      total 136704K, used 60285K [0x000000076b580000, 0x0000000778380000, 0x00000007c0000000)
  eden space 125952K, 40% used [0x000000076b580000,0x000000076e726740,0x0000000773080000)
  from space 10752K, 87% used [0x0000000773080000,0x00000007739b8e10,0x0000000773b00000)
  to   space 10752K, 0% used [0x0000000777900000,0x0000000777900000,0x0000000778380000)
 ParOldGen       total 89088K, used 5984K [0x00000006c2000000, 0x00000006c7700000, 0x000000076b580000)
  object space 89088K, 6% used [0x00000006c2000000,0x00000006c25d80c0,0x00000006c7700000)
 Metaspace       used 33257K, capacity 35426K, committed 35456K, reserved 1079296K
  class space    used 4320K, capacity 4709K, committed 4736K, reserved 1048576K
Event: 6.400 GC heap after
Heap after GC invocations=7 (full 1):
 PSYoungGen      total 200704K, used 7519K [0x000000076b580000, 0x0000000779280000, 0x00000007c0000000)
  eden space 189952K, 0% used [0x000000076b580000,0x000000076b580000,0x0000000776f00000)
  from space 10752K, 69% used [0x0000000777900000,0x0000000778057f08,0x0000000778380000)
  to   space 10240K, 0% used [0x0000000776f00000,0x0000000776f00000,0x0000000777900000)
 ParOldGen       total 89088K, used 5992K [0x00000006c2000000, 0x00000006c7700000, 0x000000076b580000)
  object space 89088K, 6% used [0x00000006c2000000,0x00000006c25da0c0,0x00000006c7700000)
 Metaspace       used 33257K, capacity 35426K, committed 35456K, reserved 1079296K
  class space    used 4320K, capacity 4709K, committed 4736K, reserved 1048576K
}
Event: 6.400 GC heap before
{Heap before GC invocations=8 (full 2):
 PSYoungGen      total 200704K, used 7519K [0x000000076b580000, 0x0000000779280000, 0x00000007c0000000)
  eden space 189952K, 0% used [0x000000076b580000,0x000000076b580000,0x0000000776f00000)
  from space 10752K, 69% used [0x0000000777900000,0x0000000778057f08,0x0000000778380000)
  to   space 10240K, 0% used [0x0000000776f00000,0x0000000776f00000,0x0000000777900000)
 ParOldGen       total 89088K, used 5992K [0x00000006c2000000, 0x00000006c7700000, 0x000000076b580000)
  object space 89088K, 6% used [0x00000006c2000000,0x00000006c25da0c0,0x00000006c7700000)
 Metaspace       used 33257K, capacity 35426K, committed 35456K, reserved 1079296K
  class space    used 4320K, capacity 4709K, committed 4736K, reserved 1048576K
Event: 6.454 GC heap after
Heap after GC invocations=8 (full 2):
 PSYoungGen      total 200704K, used 0K [0x000000076b580000, 0x0000000779280000, 0x00000007c0000000)
  eden space 189952K, 0% used [0x000000076b580000,0x000000076b580000,0x0000000776f00000)
  from space 10752K, 0% used [0x0000000777900000,0x0000000777900000,0x0000000778380000)
  to   space 10240K, 0% used [0x0000000776f00000,0x0000000776f00000,0x0000000777900000)
 ParOldGen       total 131072K, used 12587K [0x00000006c2000000, 0x00000006ca000000, 0x000000076b580000)
  object space 131072K, 9% used [0x00000006c2000000,0x00000006c2c4af28,0x00000006ca000000)
 Metaspace       used 33257K, capacity 35426K, committed 35456K, reserved 1079296K
  class space    used 4320K, capacity 4709K, committed 4736K, reserved 1048576K
}

